2025-05-25 15:30:07 - WARNING - Issue detected: Error message detected at Unknown
2025-05-25 15:30:11 - WARNING - Issue detected: Error message detected at Unknown
2025-05-25 15:31:54 - WARNING - Issue detected: Error message detected at Unknown
2025-05-25 15:31:58 - WARNING - Issue detected: Error message detected at Unknown
2025-05-25 15:31:58 - WARNING - Issue detected: Null reference detected at Unknown
2025-05-25 15:31:58 - WARNING - Issue detected: HTML/XML tags in output at Unknown
2025-05-25 15:32:01 - WARNING - Issue detected: Escaped characters in output at Unknown
2025-05-25 15:32:04 - WARNING - Issue detected: Escaped characters in output at Unknown
2025-05-25 15:32:07 - WARNING - Issue detected: Escaped characters in output at Unknown
2025-05-25 15:32:15 - WARNING - Issue detected: Raw JSON in output at Unknown
2025-05-25 15:32:18 - WARNING - Issue detected: Raw JSON in output at Unknown
2025-05-25 15:33:35 - WARNING - Issue detected: Error message detected at Unknown
2025-05-25 15:34:12 - WARNING - Issue detected: Error message detected at Unknown
2025-05-25 15:34:15 - WARNING - Issue detected: Error message detected at Unknown
2025-05-25 15:34:15 - WARNING - Issue detected: Null reference detected at Unknown
2025-05-25 15:34:15 - WARNING - Issue detected: HTML/XML tags in output at Unknown
2025-05-25 15:34:18 - WARNING - Issue detected: Escaped characters in output at Unknown
2025-05-25 15:34:21 - WARNING - Issue detected: Escaped characters in output at Unknown
2025-05-25 15:34:24 - WARNING - Issue detected: Escaped characters in output at Unknown
2025-05-25 15:34:31 - WARNING - Issue detected: Raw JSON in output at Unknown
2025-05-25 15:34:34 - WARNING - Issue detected: Raw JSON in output at Unknown
2025-05-25 15:36:53 - WARNING - Reached maximum actions (30)
